<?xml version="1.0" encoding="UTF-8"?>
<!-- Generated by org.testng.reporters.JUnitXMLReporter -->
<testsuite ignored="0" hostname="BNG-3FTDRT2" failures="0" tests="2" name="Testchrome" time="3.962" errors="0" timestamp="2024-08-12T17:42:50 IST">
  <testcase classname="crossBrowser.TestCase2_Anno" name="mobile" time="0.0">
    <skipped/>
  </testcase> <!-- mobile -->
  <testcase classname="crossBrowser.TestCase1_Anno" name="shoe" time="0.0">
    <skipped/>
  </testcase> <!-- shoe -->
</testsuite> <!-- Testchrome -->
